<?xml version="1.0" encoding="UTF-8"?>
<coverage generated="1559930798556" clover="3.2.0">
  <project timestamp="1559930798556" name="All files">
    <metrics statements="28" coveredstatements="28" conditionals="20" coveredconditionals="20" methods="4" coveredmethods="4" elements="52" coveredelements="52" complexity="0" loc="28" ncloc="28" packages="1" files="1" classes="1"/>
    <file name="index.js" path="/Users/olareoun/Projects/katas/bla/index.js">
      <metrics statements="28" coveredstatements="28" conditionals="20" coveredconditionals="20" methods="4" coveredmethods="4"/>
      <line num="1" count="1" type="stmt"/>
      <line num="2" count="320" type="cond" truecount="3" falsecount="0"/>
      <line num="3" count="20" type="stmt"/>
      <line num="4" count="16" type="stmt"/>
      <line num="5" count="284" type="stmt"/>
      <line num="9" count="1" type="stmt"/>
      <line num="10" count="17" type="stmt"/>
      <line num="11" count="17" type="stmt"/>
      <line num="12" count="17" type="stmt"/>
      <line num="14" count="17" type="cond" truecount="2" falsecount="0"/>
      <line num="15" count="320" type="cond" truecount="2" falsecount="0"/>
      <line num="16" count="320" type="stmt"/>
      <line num="17" count="320" type="stmt"/>
      <line num="19" count="320" type="stmt"/>
      <line num="20" count="320" type="cond" truecount="5" falsecount="0"/>
      <line num="21" count="170" type="stmt"/>
      <line num="25" count="170" type="stmt"/>
      <line num="28" count="1" type="stmt"/>
      <line num="29" count="376" type="stmt"/>
      <line num="30" count="376" type="stmt"/>
      <line num="31" count="376" type="stmt"/>
      <line num="33" count="376" type="cond" truecount="2" falsecount="0"/>
      <line num="34" count="49" type="stmt"/>
      <line num="35" count="327" type="cond" truecount="2" falsecount="0"/>
      <line num="36" count="44" type="stmt"/>
      <line num="37" count="283" type="cond" truecount="2" falsecount="0"/>
      <line num="38" count="18" type="cond" truecount="2" falsecount="0"/>
      <line num="40" count="265" type="stmt"/>
    </file>
  </project>
</coverage>
