{"/Users/olareoun/Projects/katas/bla/index.js": {"path":"/Users/olareoun/Projects/katas/bla/index.js","statementMap":{"0":{"start":{"line":1,"column":20},"end":{"line":7,"column":1}},"1":{"start":{"line":2,"column":2},"end":{"line":6,"column":3}},"2":{"start":{"line":3,"column":14},"end":{"line":3,"column":92}},"3":{"start":{"line":4,"column":14},"end":{"line":4,"column":66}},"4":{"start":{"line":5,"column":14},"end":{"line":5,"column":40}},"5":{"start":{"line":9,"column":0},"end":{"line":26,"column":1}},"6":{"start":{"line":10,"column":16},"end":{"line":10,"column":26}},"7":{"start":{"line":11,"column":22},"end":{"line":11,"column":47}},"8":{"start":{"line":12,"column":19},"end":{"line":12,"column":20}},"9":{"start":{"line":14,"column":2},"end":{"line":23,"column":3}},"10":{"start":{"line":14,"column":14},"end":{"line":14,"column":15}},"11":{"start":{"line":15,"column":30},"end":{"line":15,"column":58}},"12":{"start":{"line":16,"column":32},"end":{"line":16,"column":69}},"13":{"start":{"line":17,"column":4},"end":{"line":17,"column":71}},"14":{"start":{"line":19,"column":17},"end":{"line":19,"column":25}},"15":{"start":{"line":20,"column":4},"end":{"line":22,"column":5}},"16":{"start":{"line":21,"column":6},"end":{"line":21,"column":18}},"17":{"start":{"line":25,"column":2},"end":{"line":25,"column":47}},"18":{"start":{"line":25,"column":38},"end":{"line":25,"column":43}},"19":{"start":{"line":28,"column":18},"end":{"line":42,"column":1}},"20":{"start":{"line":29,"column":15},"end":{"line":29,"column":27}},"21":{"start":{"line":30,"column":19},"end":{"line":30,"column":35}},"22":{"start":{"line":31,"column":22},"end":{"line":31,"column":34}},"23":{"start":{"line":33,"column":2},"end":{"line":41,"column":3}},"24":{"start":{"line":34,"column":4},"end":{"line":34,"column":22}},"25":{"start":{"line":35,"column":9},"end":{"line":41,"column":3}},"26":{"start":{"line":36,"column":4},"end":{"line":36,"column":13}},"27":{"start":{"line":37,"column":9},"end":{"line":41,"column":3}},"28":{"start":{"line":38,"column":4},"end":{"line":38,"column":39}},"29":{"start":{"line":40,"column":4},"end":{"line":40,"column":12}}},"fnMap":{"0":{"name":"(anonymous_0)","decl":{"start":{"line":1,"column":20},"end":{"line":1,"column":21}},"loc":{"start":{"line":1,"column":34},"end":{"line":7,"column":1}},"line":1},"1":{"name":"calculateScore","decl":{"start":{"line":9,"column":26},"end":{"line":9,"column":40}},"loc":{"start":{"line":9,"column":48},"end":{"line":26,"column":1}},"line":9},"2":{"name":"(anonymous_2)","decl":{"start":{"line":25,"column":28},"end":{"line":25,"column":29}},"loc":{"start":{"line":25,"column":38},"end":{"line":25,"column":43}},"line":25},"3":{"name":"(anonymous_3)","decl":{"start":{"line":28,"column":18},"end":{"line":28,"column":19}},"loc":{"start":{"line":28,"column":36},"end":{"line":42,"column":1}},"line":28}},"branchMap":{"0":{"loc":{"start":{"line":2,"column":2},"end":{"line":6,"column":3}},"type":"switch","locations":[{"start":{"line":3,"column":4},"end":{"line":3,"column":92}},{"start":{"line":4,"column":4},"end":{"line":4,"column":66}},{"start":{"line":5,"column":4},"end":{"line":5,"column":40}}],"line":2},"1":{"loc":{"start":{"line":14,"column":17},"end":{"line":14,"column":52}},"type":"binary-expr","locations":[{"start":{"line":14,"column":17},"end":{"line":14,"column":33}},{"start":{"line":14,"column":37},"end":{"line":14,"column":52}}],"line":14},"2":{"loc":{"start":{"line":15,"column":30},"end":{"line":15,"column":58}},"type":"binary-expr","locations":[{"start":{"line":15,"column":30},"end":{"line":15,"column":53}},{"start":{"line":15,"column":57},"end":{"line":15,"column":58}}],"line":15},"3":{"loc":{"start":{"line":20,"column":4},"end":{"line":22,"column":5}},"type":"if","locations":[{"start":{"line":20,"column":4},"end":{"line":22,"column":5}},{"start":{"line":20,"column":4},"end":{"line":22,"column":5}}],"line":20},"4":{"loc":{"start":{"line":20,"column":8},"end":{"line":20,"column":59}},"type":"binary-expr","locations":[{"start":{"line":20,"column":8},"end":{"line":20,"column":20}},{"start":{"line":20,"column":24},"end":{"line":20,"column":36}},{"start":{"line":20,"column":40},"end":{"line":20,"column":59}}],"line":20},"5":{"loc":{"start":{"line":33,"column":2},"end":{"line":41,"column":3}},"type":"if","locations":[{"start":{"line":33,"column":2},"end":{"line":41,"column":3}},{"start":{"line":33,"column":2},"end":{"line":41,"column":3}}],"line":33},"6":{"loc":{"start":{"line":35,"column":9},"end":{"line":41,"column":3}},"type":"if","locations":[{"start":{"line":35,"column":9},"end":{"line":41,"column":3}},{"start":{"line":35,"column":9},"end":{"line":41,"column":3}}],"line":35},"7":{"loc":{"start":{"line":37,"column":9},"end":{"line":41,"column":3}},"type":"if","locations":[{"start":{"line":37,"column":9},"end":{"line":41,"column":3}},{"start":{"line":37,"column":9},"end":{"line":41,"column":3}}],"line":37},"8":{"loc":{"start":{"line":38,"column":17},"end":{"line":38,"column":38}},"type":"binary-expr","locations":[{"start":{"line":38,"column":17},"end":{"line":38,"column":33}},{"start":{"line":38,"column":37},"end":{"line":38,"column":38}}],"line":38}},"s":{"0":1,"1":320,"2":20,"3":16,"4":284,"5":1,"6":17,"7":17,"8":17,"9":17,"10":17,"11":320,"12":320,"13":320,"14":320,"15":320,"16":170,"17":17,"18":170,"19":1,"20":376,"21":376,"22":376,"23":376,"24":49,"25":327,"26":44,"27":283,"28":18,"29":265},"f":{"0":320,"1":17,"2":170,"3":376},"b":{"0":[20,16,284],"1":[337,324],"2":[320,291],"3":[170,150],"4":[320,300,284],"5":[49,327],"6":[44,283],"7":[18,265],"8":[18,3]},"_coverageSchema":"43e27e138ebf9cfc5966b082cf9a028302ed4184","hash":"1e9dda89ea312c350406d28c6a9a59e68bf4fbd1"}
}
