TN:
SF:/Users/olareoun/Projects/katas/bla/index.js
FN:1,(anonymous_0)
FN:9,calculateScore
FN:25,(anonymous_2)
FN:28,(anonymous_3)
FNF:4
FNH:4
FNDA:320,(anonymous_0)
FNDA:17,calculateScore
FNDA:170,(anonymous_2)
FNDA:376,(anonymous_3)
DA:1,1
DA:2,320
DA:3,20
DA:4,16
DA:5,284
DA:9,1
DA:10,17
DA:11,17
DA:12,17
DA:14,17
DA:15,320
DA:16,320
DA:17,320
DA:19,320
DA:20,320
DA:21,170
DA:25,170
DA:28,1
DA:29,376
DA:30,376
DA:31,376
DA:33,376
DA:34,49
DA:35,327
DA:36,44
DA:37,283
DA:38,18
DA:40,265
LF:28
LH:28
BRDA:2,0,0,20
BRDA:2,0,1,16
BRDA:2,0,2,284
BRDA:14,1,0,337
BRDA:14,1,1,324
BRDA:15,2,0,320
BRDA:15,2,1,291
BRDA:20,3,0,170
BRDA:20,3,1,150
BRDA:20,4,0,320
BRDA:20,4,1,300
BRDA:20,4,2,284
BRDA:33,5,0,49
BRDA:33,5,1,327
BRDA:35,6,0,44
BRDA:35,6,1,283
BRDA:37,7,0,18
BRDA:37,7,1,265
BRDA:38,8,0,18
BRDA:38,8,1,3
BRF:20
BRH:20
end_of_record
